#
# There is insufficient memory for the Java Runtime Environment to continue.
# Native memory allocation (mmap) failed to map 132120576 bytes for G1 virtual space
# Possible reasons:
#   The system is out of physical RAM or swap space
#   The process is running with CompressedOops enabled, and the Java Heap may be blocking the growth of the native heap
# Possible solutions:
#   Reduce memory load on the system
#   Increase physical memory or swap space
#   Check if swap backing store is full
#   Decrease Java heap size (-Xmx/-Xms)
#   Decrease number of Java threads
#   Decrease Java thread stack sizes (-Xss)
#   Set larger code cache with -XX:ReservedCodeCacheSize=
#   JVM is running with Unscaled Compressed Oops mode in which the Java heap is
#     placed in the first 4GB address space. The Java Heap base address is the
#     maximum limit for the native heap growth. Please use -XX:HeapBaseMinAddress
#     to set the Java Heap base and to place the Java Heap above 4GB virtual address.
# This output file may be truncated or incomplete.
#
#  Out of Memory Error (os_windows.cpp:3527), pid=19524, tid=16968
#
# JRE version:  (19.0.1+10) (build )
# Java VM: Java HotSpot(TM) 64-Bit Server VM (19.0.1+10-21, mixed mode, sharing, tiered, compressed oops, compressed class ptrs, g1 gc, windows-amd64)
# No core dump will be written. Minidumps are not enabled by default on client versions of Windows
#

---------------  S U M M A R Y ------------

Command Line: --module-path=D:\Java equipments\javafx-sdk-19\lib --add-modules=javafx.controls,javafx.fxml -Dfile.encoding=UTF-8 -XX:+ShowCodeDetailsInExceptionMessages java_project.java_project

Host: Intel(R) Core(TM) i5-8265U CPU @ 1.60GHz, 8 cores, 7G,  Windows 10 , 64 bit Build 19041 (10.0.19041.2913)
Time: Fri Jun  9 15:09:38 2023  Windows 10 , 64 bit Build 19041 (10.0.19041.2913) elapsed time: 0.013948 seconds (0d 0h 0m 0s)

---------------  T H R E A D  ---------------

Current thread (0x000002f1ba92d250):  JavaThread "Unknown thread" [_thread_in_vm, id=16968, stack(0x000000f9d8a00000,0x000000f9d8b00000)]

Stack: [0x000000f9d8a00000,0x000000f9d8b00000]
Native frames: (J=compiled Java code, j=interpreted, Vv=VM code, C=native code)
V  [jvm.dll+0x6ee8fa]
V  [jvm.dll+0x857a1e]
V  [jvm.dll+0x85940e]
V  [jvm.dll+0x859ac3]
V  [jvm.dll+0x28291f]
V  [jvm.dll+0x6eb6e9]
V  [jvm.dll+0x6e028a]
V  [jvm.dll+0x357136]
V  [jvm.dll+0x35eb96]
V  [jvm.dll+0x3b555e]
V  [jvm.dll+0x3b578f]
V  [jvm.dll+0x32c6ea]
V  [jvm.dll+0x32d59e]
V  [jvm.dll+0x821b20]
V  [jvm.dll+0x3c27c1]
V  [jvm.dll+0x8022f1]
V  [jvm.dll+0x44b30f]
V  [jvm.dll+0x44cc91]
C  [jli.dll+0x5287]
C  [ucrtbase.dll+0x21bb2]
C  [KERNEL32.DLL+0x17614]
C  [ntdll.dll+0x526a1]


---------------  P R O C E S S  ---------------

Threads class SMR info:
_java_thread_list=0x00007ff80112d048, length=0, elements={
}

Java Threads: ( => current thread )

Other Threads:
  0x000002f1bca4c190 WorkerThread "GC Thread#0" [stack: 0x000000f9d8b00000,0x000000f9d8c00000] [id=15840]
  0x000002f1bca5d5b0 ConcurrentGCThread "G1 Main Marker" [stack: 0x000000f9d8c00000,0x000000f9d8d00000] [id=2040]
  0x000002f1bca5dfe0 WorkerThread "G1 Conc#0" [stack: 0x000000f9d8d00000,0x000000f9d8e00000] [id=13072]

[error occurred during error reporting (printing all threads), id 0xc0000005, EXCEPTION_ACCESS_VIOLATION (0xc0000005) at pc=0x00007ff8008ed127]

VM state: not at safepoint (not fully initialized)

VM Mutex/Monitor currently owned by a thread:  ([mutex/lock_event])
[0x000002f1bc9ea5d0] Heap_lock - owner thread: 0x000002f1ba92d250

Heap address: 0x0000000082400000, size: 2012 MB, Compressed Oops mode: 32-bit

CDS archive(s) mapped at: [0x0000000000000000-0x0000000000000000-0x0000000000000000), size 0, SharedBaseAddress: 0x0000000800000000, ArchiveRelocationMode: 0.
Narrow klass base: 0x0000000000000000, Narrow klass shift: 0, Narrow klass range: 0x0

GC Precious Log:
 CardTable entry size: 512
 Card Set container configuration: InlinePtr #cards 5 size 8 Array Of Cards #cards 12 size 40 Howl #buckets 4 coarsen threshold 1843 Howl Bitmap #cards 512 size 80 coarsen threshold 460 Card regions per heap region 1 cards per card region 2048

Heap:
 garbage-first heap   total 0K, used 0K [0x0000000082400000, 0x0000000100000000)
  region size 1024K, 0 young (0K), 0 survivors (0K)

[error occurred during error reporting (printing heap information), id 0xc0000005, EXCEPTION_ACCESS_VIOLATION (0xc0000005) at pc=0x00007ff800cf6959]

GC Heap History (0 events):
No events

Dll operation events (1 events):
Event: 0.009 Loaded shared library C:\Program Files\Java\jdk-19\bin\java.dll

Deoptimization events (0 events):
No events

Classes loaded (0 events):
No events

Classes unloaded (0 events):
No events

Classes redefined (0 events):
No events

Internal exceptions (0 events):
No events

VM Operations (0 events):
No events

Events (0 events):
No events


Dynamic libraries:
0x00007ff6bbff0000 - 0x00007ff6bc000000 	C:\Program Files\Java\jdk-19\bin\javaw.exe
0x00007ff852d10000 - 0x00007ff852f08000 	C:\WINDOWS\SYSTEM32\ntdll.dll
0x00007ff850ef0000 - 0x00007ff850faf000 	C:\WINDOWS\System32\KERNEL32.DLL
0x00007ff8509b0000 - 0x00007ff850ca6000 	C:\WINDOWS\System32\KERNELBASE.dll
0x00007ff8508b0000 - 0x00007ff8509b0000 	C:\WINDOWS\System32\ucrtbase.dll
0x00007ff84a6d0000 - 0x00007ff84a6e8000 	C:\Program Files\Java\jdk-19\bin\jli.dll
0x00007ff8510b0000 - 0x00007ff85115f000 	C:\WINDOWS\System32\ADVAPI32.dll
0x00007ff851320000 - 0x00007ff8513be000 	C:\WINDOWS\System32\msvcrt.dll
0x00007ff84a700000 - 0x00007ff84a71b000 	C:\Program Files\Java\jdk-19\bin\VCRUNTIME140.dll
0x00007ff851220000 - 0x00007ff8512bc000 	C:\WINDOWS\System32\sechost.dll
0x00007ff852300000 - 0x00007ff852426000 	C:\WINDOWS\System32\RPCRT4.dll
0x00007ff852580000 - 0x00007ff85271d000 	C:\WINDOWS\System32\USER32.dll
0x00007ff850880000 - 0x00007ff8508a2000 	C:\WINDOWS\System32\win32u.dll
0x00007ff839030000 - 0x00007ff8392ca000 	C:\WINDOWS\WinSxS\amd64_microsoft.windows.common-controls_6595b64144ccf1df_6.0.19041.1110_none_60b5254171f9507e\COMCTL32.dll
0x00007ff8511c0000 - 0x00007ff8511ec000 	C:\WINDOWS\System32\GDI32.dll
0x00007ff850510000 - 0x00007ff850625000 	C:\WINDOWS\System32\gdi32full.dll
0x00007ff850790000 - 0x00007ff85082d000 	C:\WINDOWS\System32\msvcp_win.dll
0x00007ff8480c0000 - 0x00007ff8480ca000 	C:\WINDOWS\SYSTEM32\VERSION.dll
0x00007ff8511f0000 - 0x00007ff851220000 	C:\WINDOWS\System32\IMM32.DLL
0x00007ff84a6c0000 - 0x00007ff84a6cc000 	C:\Program Files\Java\jdk-19\bin\vcruntime140_1.dll
0x00007ff83e4b0000 - 0x00007ff83e53e000 	C:\Program Files\Java\jdk-19\bin\msvcp140.dll
0x00007ff8005b0000 - 0x00007ff801270000 	C:\Program Files\Java\jdk-19\bin\server\jvm.dll
0x00007ff8349e0000 - 0x00007ff8349e9000 	C:\WINDOWS\SYSTEM32\WSOCK32.dll
0x00007ff848490000 - 0x00007ff8484b7000 	C:\WINDOWS\SYSTEM32\WINMM.dll
0x00007ff851040000 - 0x00007ff8510ab000 	C:\WINDOWS\System32\WS2_32.dll
0x00007ff84ec50000 - 0x00007ff84ec62000 	C:\WINDOWS\SYSTEM32\kernel.appcore.dll
0x00007ff84a690000 - 0x00007ff84a69a000 	C:\Program Files\Java\jdk-19\bin\jimage.dll
0x00007ff84b120000 - 0x00007ff84b304000 	C:\WINDOWS\SYSTEM32\DBGHELP.DLL
0x00007ff837580000 - 0x00007ff8375b4000 	C:\WINDOWS\SYSTEM32\dbgcore.DLL
0x00007ff850cb0000 - 0x00007ff850d32000 	C:\WINDOWS\System32\bcryptPrimitives.dll
0x00007ff845190000 - 0x00007ff8451b6000 	C:\Program Files\Java\jdk-19\bin\java.dll

dbghelp: loaded successfully - version: 4.0.5 - missing functions: none
symbol engine: initialized successfully - sym options: 0x614 - pdb path: .;C:\Program Files\Java\jdk-19\bin;C:\WINDOWS\SYSTEM32;C:\WINDOWS\WinSxS\amd64_microsoft.windows.common-controls_6595b64144ccf1df_6.0.19041.1110_none_60b5254171f9507e;C:\Program Files\Java\jdk-19\bin\server

VM Arguments:
jvm_args: --module-path=D:\Java equipments\javafx-sdk-19\lib --add-modules=javafx.controls,javafx.fxml -Dfile.encoding=UTF-8 -XX:+ShowCodeDetailsInExceptionMessages 
java_command: java_project.java_project
java_class_path (initial): D:\Java equipments\javafx-sdk-19\lib\javafx.base.jar;D:\Java equipments\javafx-sdk-19\lib\javafx.controls.jar;D:\Java equipments\javafx-sdk-19\lib\javafx.fxml.jar;D:\Java equipments\javafx-sdk-19\lib\javafx.graphics.jar;D:\Java equipments\javafx-sdk-19\lib\javafx.media.jar;D:\Java equipments\javafx-sdk-19\lib\javafx.swing.jar;D:\Java equipments\javafx-sdk-19\lib\javafx.web.jar;D:\Java equipments\javafx-sdk-19\lib\javafx-swt.jar;C:\Users\user\Downloads\JavaProject\java_project\bin
Launcher Type: SUN_STANDARD

[Global flags]
     intx CICompilerCount                          = 4                                         {product} {ergonomic}
     uint ConcGCThreads                            = 2                                         {product} {ergonomic}
     uint G1ConcRefinementThreads                  = 8                                         {product} {ergonomic}
   size_t G1HeapRegionSize                         = 1048576                                   {product} {ergonomic}
    uintx GCDrainStackTargetSize                   = 64                                        {product} {ergonomic}
   size_t InitialHeapSize                          = 132120576                                 {product} {ergonomic}
   size_t MarkStackSize                            = 4194304                                   {product} {ergonomic}
   size_t MaxHeapSize                              = 2109734912                                {product} {ergonomic}
   size_t MinHeapDeltaBytes                        = 1048576                                   {product} {ergonomic}
   size_t MinHeapSize                              = 8388608                                   {product} {ergonomic}
    uintx NonNMethodCodeHeapSize                   = 5839372                                {pd product} {ergonomic}
    uintx NonProfiledCodeHeapSize                  = 122909434                              {pd product} {ergonomic}
    uintx ProfiledCodeHeapSize                     = 122909434                              {pd product} {ergonomic}
    uintx ReservedCodeCacheSize                    = 251658240                              {pd product} {ergonomic}
     bool SegmentedCodeCache                       = true                                      {product} {ergonomic}
     bool ShowCodeDetailsInExceptionMessages       = true                                   {manageable} {command line}
   size_t SoftMaxHeapSize                          = 2109734912                             {manageable} {ergonomic}
     bool UseCompressedClassPointers               = true                           {product lp64_product} {ergonomic}
     bool UseCompressedOops                        = true                           {product lp64_product} {ergonomic}
     bool UseG1GC                                  = true                                      {product} {ergonomic}
     bool UseLargePagesIndividualAllocation        = false                                  {pd product} {ergonomic}

Logging:
Log output configuration:
 #0: stdout all=warning uptime,level,tags foldmultilines=false
 #1: stderr all=off uptime,level,tags foldmultilines=false

Environment Variables:
JAVA_HOME=C:\Program Files\Java\jdk-19
PATH=D:\ImageMagick-7.1.1-Q16-HDRI;C:\Program Files\Common Files\Oracle\Java\javapath;D:\AIS3\VMware\bin\;D:\x86_64-8.1.0-release-win32-seh-rt_v6-rev0\mingw64\bin;C:\Windows\system32;C:\Windows;C:\Windows\System32\Wbem;C:\Windows\System32\WindowsPowerShell\v1.0\;C:\Windows\System32\OpenSSH\;C:\Program Files (x86)\NVIDIA Corporation\PhysX\Common;C:\WINDOWS\system32;C:\WINDOWS;C:\WINDOWS\System32\Wbem;C:\WINDOWS\System32\WindowsPowerShell\v1.0\;C:\WINDOWS\System32\OpenSSH\;C:\Program Files (x86)\IVI Foundation\VISA\WinNT\Bin;C:\Users\user\AppData\Local\Programs\Python\Python39;C:\Program Files\Java\jdk-19\bin;D:\nodejs\;C:\Program Files\Git\cmd;C:\Program Files\PuTTY\;C:\Program Files\WireGuard\;C:\Program Files\Docker\Docker\resources\bin;C:\Users\user\AppData\Local\Microsoft\WindowsApps;;C:\Users\user\AppData\Local\Programs\Microsoft VS Code\bin;C:\Users\user\AppData\Roaming\npm
USERNAME=user
OS=Windows_NT
PROCESSOR_IDENTIFIER=Intel64 Family 6 Model 142 Stepping 11, GenuineIntel
TMP=C:\Users\user\AppData\Local\Temp
TEMP=C:\Users\user\AppData\Local\Temp



---------------  S Y S T E M  ---------------

OS:
 Windows 10 , 64 bit Build 19041 (10.0.19041.2913)
OS uptime: 3 days 19:27 hours
Hyper-V role detected

CPU: total 8 (initial active 8) (4 cores per cpu, 2 threads per core) family 6 model 142 stepping 11 microcode 0xae, cx8, cmov, fxsr, ht, mmx, 3dnowpref, sse, sse2, sse3, ssse3, sse4.1, sse4.2, popcnt, lzcnt, tsc, tscinvbit, avx, avx2, aes, erms, clmul, bmi1, bmi2, adx, fma, vzeroupper, clflush, clflushopt, hv, rdtscp

Memory: 4k page, system-wide physical 8043M (1532M free)
TotalPageFile size 13163M (AvailPageFile size 64M)
current process WorkingSet (physical memory assigned to process): 10M, peak: 10M
current process commit charge ("private bytes"): 60M, peak: 186M

vm_info: Java HotSpot(TM) 64-Bit Server VM (19.0.1+10-21) for windows-amd64 JRE (19.0.1+10-21), built on 2022-09-14T12:45:06Z by "mach5one" with MS VC++ 17.1 (VS2022)

END.
